<?xml version="1.0" encoding="UTF-8"?>
<!-- Generated by org.testng.reporters.JUnitReportReporter -->
<testsuite hostname="DESKTOP-8JLKFVT" failures="0" tests="1" name="framework.automation.tests.EmployeeTest" time="0.019" errors="0" timestamp="2024-09-05T22:43:30 BDT" skipped="0">
  <testcase classname="framework.automation.tests.EmployeeTest" name="addEmployee" time="0.019"/>
</testsuite> <!-- framework.automation.tests.EmployeeTest -->
