<?xml version="1.0" encoding="UTF-8"?>
<!-- Generated by org.testng.reporters.JUnitReportReporter -->
<testsuite hostname="DESKTOP-8JLKFVT" failures="0" tests="1" name="framework.automation.tests.LoginTest" time="28.232" errors="0" timestamp="2024-09-07T17:34:14 BDT" skipped="0">
  <testcase classname="framework.automation.tests.LoginTest" name="testLoginMethod" time="28.232"/>
</testsuite> <!-- framework.automation.tests.LoginTest -->
